running egg_info
writing ../../build/my_mcl_pkg/my_mcl_pkg.egg-info/PKG-INFO
writing dependency_links to ../../build/my_mcl_pkg/my_mcl_pkg.egg-info/dependency_links.txt
writing entry points to ../../build/my_mcl_pkg/my_mcl_pkg.egg-info/entry_points.txt
writing requirements to ../../build/my_mcl_pkg/my_mcl_pkg.egg-info/requires.txt
writing top-level names to ../../build/my_mcl_pkg/my_mcl_pkg.egg-info/top_level.txt
reading manifest file '../../build/my_mcl_pkg/my_mcl_pkg.egg-info/SOURCES.txt'
writing manifest file '../../build/my_mcl_pkg/my_mcl_pkg.egg-info/SOURCES.txt'
running build
running build_py
copying my_mcl_pkg/safe_stop_cmd.py -> /home/chjm/testbcrws/build/my_mcl_pkg/build/lib/my_mcl_pkg
running install
running install_lib
copying /home/chjm/testbcrws/build/my_mcl_pkg/build/lib/my_mcl_pkg/safe_stop_cmd.py -> /home/chjm/testbcrws/install/my_mcl_pkg/lib/python3.10/site-packages/my_mcl_pkg
byte-compiling /home/chjm/testbcrws/install/my_mcl_pkg/lib/python3.10/site-packages/my_mcl_pkg/safe_stop_cmd.py to safe_stop_cmd.cpython-310.pyc
running install_data
running install_egg_info
removing '/home/chjm/testbcrws/install/my_mcl_pkg/lib/python3.10/site-packages/my_mcl_pkg-0.0.1-py3.10.egg-info' (and everything under it)
Copying ../../build/my_mcl_pkg/my_mcl_pkg.egg-info to /home/chjm/testbcrws/install/my_mcl_pkg/lib/python3.10/site-packages/my_mcl_pkg-0.0.1-py3.10.egg-info
running install_scripts
Installing gt_tf script to /home/chjm/testbcrws/install/my_mcl_pkg/lib/my_mcl_pkg
Installing safe_stop script to /home/chjm/testbcrws/install/my_mcl_pkg/lib/my_mcl_pkg
Installing safe_stop_cmd script to /home/chjm/testbcrws/install/my_mcl_pkg/lib/my_mcl_pkg
Installing test_map script to /home/chjm/testbcrws/install/my_mcl_pkg/lib/my_mcl_pkg
Installing test_mcl script to /home/chjm/testbcrws/install/my_mcl_pkg/lib/my_mcl_pkg
Installing test_odom script to /home/chjm/testbcrws/install/my_mcl_pkg/lib/my_mcl_pkg
Installing test_scan script to /home/chjm/testbcrws/install/my_mcl_pkg/lib/my_mcl_pkg
writing list of installed files to '/home/chjm/testbcrws/build/my_mcl_pkg/install.log'
