/home/chjm/testbcrws/install/my_mcl_pkg/lib/python3.10/site-packages/my_mcl_pkg/test_mcl.py
/home/chjm/testbcrws/install/my_mcl_pkg/lib/python3.10/site-packages/my_mcl_pkg/safe_stop_cmd.py
/home/chjm/testbcrws/install/my_mcl_pkg/lib/python3.10/site-packages/my_mcl_pkg/test_map.py
/home/chjm/testbcrws/install/my_mcl_pkg/lib/python3.10/site-packages/my_mcl_pkg/safe_stop.py
/home/chjm/testbcrws/install/my_mcl_pkg/lib/python3.10/site-packages/my_mcl_pkg/__init__.py
/home/chjm/testbcrws/install/my_mcl_pkg/lib/python3.10/site-packages/my_mcl_pkg/test_odom.py
/home/chjm/testbcrws/install/my_mcl_pkg/lib/python3.10/site-packages/my_mcl_pkg/test_scan.py
/home/chjm/testbcrws/install/my_mcl_pkg/lib/python3.10/site-packages/my_mcl_pkg/__pycache__/test_mcl.cpython-310.pyc
/home/chjm/testbcrws/install/my_mcl_pkg/lib/python3.10/site-packages/my_mcl_pkg/__pycache__/safe_stop_cmd.cpython-310.pyc
/home/chjm/testbcrws/install/my_mcl_pkg/lib/python3.10/site-packages/my_mcl_pkg/__pycache__/test_map.cpython-310.pyc
/home/chjm/testbcrws/install/my_mcl_pkg/lib/python3.10/site-packages/my_mcl_pkg/__pycache__/safe_stop.cpython-310.pyc
/home/chjm/testbcrws/install/my_mcl_pkg/lib/python3.10/site-packages/my_mcl_pkg/__pycache__/__init__.cpython-310.pyc
/home/chjm/testbcrws/install/my_mcl_pkg/lib/python3.10/site-packages/my_mcl_pkg/__pycache__/test_odom.cpython-310.pyc
/home/chjm/testbcrws/install/my_mcl_pkg/lib/python3.10/site-packages/my_mcl_pkg/__pycache__/test_scan.cpython-310.pyc
/home/chjm/testbcrws/install/my_mcl_pkg/share/ament_index/resource_index/packages/my_mcl_pkg
/home/chjm/testbcrws/install/my_mcl_pkg/share/my_mcl_pkg/package.xml
/home/chjm/testbcrws/install/my_mcl_pkg/share/my_mcl_pkg/launch/safe_stop_cmd.launch.py
/home/chjm/testbcrws/install/my_mcl_pkg/share/my_mcl_pkg/launch/my_map_server.launch.py
/home/chjm/testbcrws/install/my_mcl_pkg/share/my_mcl_pkg/launch/nav2_map.launch.py
/home/chjm/testbcrws/install/my_mcl_pkg/share/my_mcl_pkg/launch/mcl_node.launch.py
/home/chjm/testbcrws/install/my_mcl_pkg/share/my_mcl_pkg/launch/test_scan.launch.py
/home/chjm/testbcrws/install/my_mcl_pkg/share/my_mcl_pkg/launch/test_map.launch.py
/home/chjm/testbcrws/install/my_mcl_pkg/share/my_mcl_pkg/launch/test_odom.launch.py
/home/chjm/testbcrws/install/my_mcl_pkg/share/my_mcl_pkg/launch/safe_stop.launch.py
/home/chjm/testbcrws/install/my_mcl_pkg/share/my_mcl_pkg/config/nav2_params.yaml
/home/chjm/testbcrws/install/my_mcl_pkg/share/my_mcl_pkg/config/map_server.yaml
/home/chjm/testbcrws/install/my_mcl_pkg/share/my_mcl_pkg/rviz/final_rviz.rviz
/home/chjm/testbcrws/install/my_mcl_pkg/share/my_mcl_pkg/map/bcr_map.pgm
/home/chjm/testbcrws/install/my_mcl_pkg/share/my_mcl_pkg/map/bcr_map.yaml
/home/chjm/testbcrws/install/my_mcl_pkg/lib/python3.10/site-packages/my_mcl_pkg-0.0.1-py3.10.egg-info/PKG-INFO
/home/chjm/testbcrws/install/my_mcl_pkg/lib/python3.10/site-packages/my_mcl_pkg-0.0.1-py3.10.egg-info/top_level.txt
/home/chjm/testbcrws/install/my_mcl_pkg/lib/python3.10/site-packages/my_mcl_pkg-0.0.1-py3.10.egg-info/dependency_links.txt
/home/chjm/testbcrws/install/my_mcl_pkg/lib/python3.10/site-packages/my_mcl_pkg-0.0.1-py3.10.egg-info/entry_points.txt
/home/chjm/testbcrws/install/my_mcl_pkg/lib/python3.10/site-packages/my_mcl_pkg-0.0.1-py3.10.egg-info/SOURCES.txt
/home/chjm/testbcrws/install/my_mcl_pkg/lib/python3.10/site-packages/my_mcl_pkg-0.0.1-py3.10.egg-info/requires.txt
/home/chjm/testbcrws/install/my_mcl_pkg/lib/python3.10/site-packages/my_mcl_pkg-0.0.1-py3.10.egg-info/zip-safe
/home/chjm/testbcrws/install/my_mcl_pkg/lib/my_mcl_pkg/gt_tf
/home/chjm/testbcrws/install/my_mcl_pkg/lib/my_mcl_pkg/safe_stop
/home/chjm/testbcrws/install/my_mcl_pkg/lib/my_mcl_pkg/safe_stop_cmd
/home/chjm/testbcrws/install/my_mcl_pkg/lib/my_mcl_pkg/test_map
/home/chjm/testbcrws/install/my_mcl_pkg/lib/my_mcl_pkg/test_mcl
/home/chjm/testbcrws/install/my_mcl_pkg/lib/my_mcl_pkg/test_odom
/home/chjm/testbcrws/install/my_mcl_pkg/lib/my_mcl_pkg/test_scan
