[0.403s] Invoking command in '/home/chjm/testbcrws/src/my_mcl_pkg': PYTHONPATH=/home/chjm/testbcrws/build/my_mcl_pkg/prefix_override:/usr/lib/python3/dist-packages/colcon_core/task/python/colcon_distutils_commands:/home/chjm/testbcrws/install/my_mcl_pkg/lib/python3.10/site-packages:${PYTHONPATH} /usr/bin/python3 -W ignore:setup.py install is deprecated setup.py egg_info --egg-base ../../build/my_mcl_pkg build --build-base /home/chjm/testbcrws/build/my_mcl_pkg/build install --record /home/chjm/testbcrws/build/my_mcl_pkg/install.log --single-version-externally-managed install_data
[0.552s] running egg_info
[0.552s] writing ../../build/my_mcl_pkg/my_mcl_pkg.egg-info/PKG-INFO
[0.552s] writing dependency_links to ../../build/my_mcl_pkg/my_mcl_pkg.egg-info/dependency_links.txt
[0.552s] writing entry points to ../../build/my_mcl_pkg/my_mcl_pkg.egg-info/entry_points.txt
[0.552s] writing requirements to ../../build/my_mcl_pkg/my_mcl_pkg.egg-info/requires.txt
[0.553s] writing top-level names to ../../build/my_mcl_pkg/my_mcl_pkg.egg-info/top_level.txt
[0.554s] reading manifest file '../../build/my_mcl_pkg/my_mcl_pkg.egg-info/SOURCES.txt'
[0.554s] writing manifest file '../../build/my_mcl_pkg/my_mcl_pkg.egg-info/SOURCES.txt'
[0.554s] running build
[0.554s] running build_py
[0.555s] running install
[0.555s] running install_lib
[0.556s] running install_data
[0.556s] copying launch/safe_stop_cmdvel.launch.py -> /home/chjm/testbcrws/install/my_mcl_pkg/share/my_mcl_pkg/launch
[0.556s] running install_egg_info
[0.557s] removing '/home/chjm/testbcrws/install/my_mcl_pkg/lib/python3.10/site-packages/my_mcl_pkg-0.0.1-py3.10.egg-info' (and everything under it)
[0.557s] Copying ../../build/my_mcl_pkg/my_mcl_pkg.egg-info to /home/chjm/testbcrws/install/my_mcl_pkg/lib/python3.10/site-packages/my_mcl_pkg-0.0.1-py3.10.egg-info
[0.558s] running install_scripts
[0.571s] Installing gt_tf script to /home/chjm/testbcrws/install/my_mcl_pkg/lib/my_mcl_pkg
[0.572s] Installing safe_stop script to /home/chjm/testbcrws/install/my_mcl_pkg/lib/my_mcl_pkg
[0.572s] Installing test_map script to /home/chjm/testbcrws/install/my_mcl_pkg/lib/my_mcl_pkg
[0.572s] Installing test_mcl script to /home/chjm/testbcrws/install/my_mcl_pkg/lib/my_mcl_pkg
[0.572s] Installing test_odom script to /home/chjm/testbcrws/install/my_mcl_pkg/lib/my_mcl_pkg
[0.572s] Installing test_scan script to /home/chjm/testbcrws/install/my_mcl_pkg/lib/my_mcl_pkg
[0.572s] writing list of installed files to '/home/chjm/testbcrws/build/my_mcl_pkg/install.log'
[0.589s] Invoked command in '/home/chjm/testbcrws/src/my_mcl_pkg' returned '0': PYTHONPATH=/home/chjm/testbcrws/build/my_mcl_pkg/prefix_override:/usr/lib/python3/dist-packages/colcon_core/task/python/colcon_distutils_commands:/home/chjm/testbcrws/install/my_mcl_pkg/lib/python3.10/site-packages:${PYTHONPATH} /usr/bin/python3 -W ignore:setup.py install is deprecated setup.py egg_info --egg-base ../../build/my_mcl_pkg build --build-base /home/chjm/testbcrws/build/my_mcl_pkg/build install --record /home/chjm/testbcrws/build/my_mcl_pkg/install.log --single-version-externally-managed install_data
