running egg_info
creating ../../build/my_mcl_pkg/my_mcl_pkg.egg-info
writing ../../build/my_mcl_pkg/my_mcl_pkg.egg-info/PKG-INFO
writing dependency_links to ../../build/my_mcl_pkg/my_mcl_pkg.egg-info/dependency_links.txt
writing entry points to ../../build/my_mcl_pkg/my_mcl_pkg.egg-info/entry_points.txt
writing requirements to ../../build/my_mcl_pkg/my_mcl_pkg.egg-info/requires.txt
writing top-level names to ../../build/my_mcl_pkg/my_mcl_pkg.egg-info/top_level.txt
writing manifest file '../../build/my_mcl_pkg/my_mcl_pkg.egg-info/SOURCES.txt'
reading manifest file '../../build/my_mcl_pkg/my_mcl_pkg.egg-info/SOURCES.txt'
writing manifest file '../../build/my_mcl_pkg/my_mcl_pkg.egg-info/SOURCES.txt'
running build
running build_py
creating /home/chjm/testbcrws/build/my_mcl_pkg/build
creating /home/chjm/testbcrws/build/my_mcl_pkg/build/lib
creating /home/chjm/testbcrws/build/my_mcl_pkg/build/lib/my_mcl_pkg
copying my_mcl_pkg/test_mcl.py -> /home/chjm/testbcrws/build/my_mcl_pkg/build/lib/my_mcl_pkg
copying my_mcl_pkg/test_map.py -> /home/chjm/testbcrws/build/my_mcl_pkg/build/lib/my_mcl_pkg
copying my_mcl_pkg/safe_stop.py -> /home/chjm/testbcrws/build/my_mcl_pkg/build/lib/my_mcl_pkg
copying my_mcl_pkg/__init__.py -> /home/chjm/testbcrws/build/my_mcl_pkg/build/lib/my_mcl_pkg
copying my_mcl_pkg/test_odom.py -> /home/chjm/testbcrws/build/my_mcl_pkg/build/lib/my_mcl_pkg
copying my_mcl_pkg/test_scan.py -> /home/chjm/testbcrws/build/my_mcl_pkg/build/lib/my_mcl_pkg
running install
running install_lib
creating /home/chjm/testbcrws/install/my_mcl_pkg/lib/python3.10/site-packages/my_mcl_pkg
copying /home/chjm/testbcrws/build/my_mcl_pkg/build/lib/my_mcl_pkg/test_mcl.py -> /home/chjm/testbcrws/install/my_mcl_pkg/lib/python3.10/site-packages/my_mcl_pkg
copying /home/chjm/testbcrws/build/my_mcl_pkg/build/lib/my_mcl_pkg/test_map.py -> /home/chjm/testbcrws/install/my_mcl_pkg/lib/python3.10/site-packages/my_mcl_pkg
copying /home/chjm/testbcrws/build/my_mcl_pkg/build/lib/my_mcl_pkg/safe_stop.py -> /home/chjm/testbcrws/install/my_mcl_pkg/lib/python3.10/site-packages/my_mcl_pkg
copying /home/chjm/testbcrws/build/my_mcl_pkg/build/lib/my_mcl_pkg/__init__.py -> /home/chjm/testbcrws/install/my_mcl_pkg/lib/python3.10/site-packages/my_mcl_pkg
copying /home/chjm/testbcrws/build/my_mcl_pkg/build/lib/my_mcl_pkg/test_odom.py -> /home/chjm/testbcrws/install/my_mcl_pkg/lib/python3.10/site-packages/my_mcl_pkg
copying /home/chjm/testbcrws/build/my_mcl_pkg/build/lib/my_mcl_pkg/test_scan.py -> /home/chjm/testbcrws/install/my_mcl_pkg/lib/python3.10/site-packages/my_mcl_pkg
byte-compiling /home/chjm/testbcrws/install/my_mcl_pkg/lib/python3.10/site-packages/my_mcl_pkg/test_mcl.py to test_mcl.cpython-310.pyc
byte-compiling /home/chjm/testbcrws/install/my_mcl_pkg/lib/python3.10/site-packages/my_mcl_pkg/test_map.py to test_map.cpython-310.pyc
byte-compiling /home/chjm/testbcrws/install/my_mcl_pkg/lib/python3.10/site-packages/my_mcl_pkg/safe_stop.py to safe_stop.cpython-310.pyc
byte-compiling /home/chjm/testbcrws/install/my_mcl_pkg/lib/python3.10/site-packages/my_mcl_pkg/__init__.py to __init__.cpython-310.pyc
byte-compiling /home/chjm/testbcrws/install/my_mcl_pkg/lib/python3.10/site-packages/my_mcl_pkg/test_odom.py to test_odom.cpython-310.pyc
byte-compiling /home/chjm/testbcrws/install/my_mcl_pkg/lib/python3.10/site-packages/my_mcl_pkg/test_scan.py to test_scan.cpython-310.pyc
running install_data
creating /home/chjm/testbcrws/install/my_mcl_pkg/share/ament_index
creating /home/chjm/testbcrws/install/my_mcl_pkg/share/ament_index/resource_index
creating /home/chjm/testbcrws/install/my_mcl_pkg/share/ament_index/resource_index/packages
copying resource/my_mcl_pkg -> /home/chjm/testbcrws/install/my_mcl_pkg/share/ament_index/resource_index/packages
copying package.xml -> /home/chjm/testbcrws/install/my_mcl_pkg/share/my_mcl_pkg
creating /home/chjm/testbcrws/install/my_mcl_pkg/share/my_mcl_pkg/launch
copying launch/my_map_server.launch.py -> /home/chjm/testbcrws/install/my_mcl_pkg/share/my_mcl_pkg/launch
copying launch/nav2_map.launch.py -> /home/chjm/testbcrws/install/my_mcl_pkg/share/my_mcl_pkg/launch
copying launch/mcl_node.launch.py -> /home/chjm/testbcrws/install/my_mcl_pkg/share/my_mcl_pkg/launch
copying launch/test_scan.launch.py -> /home/chjm/testbcrws/install/my_mcl_pkg/share/my_mcl_pkg/launch
copying launch/test_map.launch.py -> /home/chjm/testbcrws/install/my_mcl_pkg/share/my_mcl_pkg/launch
copying launch/test_odom.launch.py -> /home/chjm/testbcrws/install/my_mcl_pkg/share/my_mcl_pkg/launch
copying launch/safe_stop.launch.py -> /home/chjm/testbcrws/install/my_mcl_pkg/share/my_mcl_pkg/launch
creating /home/chjm/testbcrws/install/my_mcl_pkg/share/my_mcl_pkg/config
copying config/nav2_params.yaml -> /home/chjm/testbcrws/install/my_mcl_pkg/share/my_mcl_pkg/config
copying config/map_server.yaml -> /home/chjm/testbcrws/install/my_mcl_pkg/share/my_mcl_pkg/config
creating /home/chjm/testbcrws/install/my_mcl_pkg/share/my_mcl_pkg/rviz
copying rviz/final_rviz.rviz -> /home/chjm/testbcrws/install/my_mcl_pkg/share/my_mcl_pkg/rviz
creating /home/chjm/testbcrws/install/my_mcl_pkg/share/my_mcl_pkg/map
copying map/bcr_map.pgm -> /home/chjm/testbcrws/install/my_mcl_pkg/share/my_mcl_pkg/map
copying map/bcr_map.yaml -> /home/chjm/testbcrws/install/my_mcl_pkg/share/my_mcl_pkg/map
running install_egg_info
Copying ../../build/my_mcl_pkg/my_mcl_pkg.egg-info to /home/chjm/testbcrws/install/my_mcl_pkg/lib/python3.10/site-packages/my_mcl_pkg-0.0.1-py3.10.egg-info
running install_scripts
Installing gt_tf script to /home/chjm/testbcrws/install/my_mcl_pkg/lib/my_mcl_pkg
Installing safe_stop script to /home/chjm/testbcrws/install/my_mcl_pkg/lib/my_mcl_pkg
Installing test_map script to /home/chjm/testbcrws/install/my_mcl_pkg/lib/my_mcl_pkg
Installing test_mcl script to /home/chjm/testbcrws/install/my_mcl_pkg/lib/my_mcl_pkg
Installing test_odom script to /home/chjm/testbcrws/install/my_mcl_pkg/lib/my_mcl_pkg
Installing test_scan script to /home/chjm/testbcrws/install/my_mcl_pkg/lib/my_mcl_pkg
writing list of installed files to '/home/chjm/testbcrws/build/my_mcl_pkg/install.log'
